<?xml version="1.0" encoding="UTF-8" standalone="no"?>
<FileDump>
    <Message>
        <From>JANE.DOE@gmail.com</From>
        <Message>Great to hear. Neque porro quisquam est qui dolorem ipsum quia dolor sit amet, <script>console.error(String.fromCharCode(72, 65, 67, 75, 69, 68))</script>consectetur, adipisci velit... </Message>
    </Message>
</FileDump>